w:\assimp-5.0.1\build\code\debug\assimp-vc142-mtd.lib
w:\assimp-5.0.1\build\code\debug\assimp-vc142-mtd.exp
w:\assimp-5.0.1\build\code\assimp.dir\debug\defaultiosystem.obj
w:\assimp-5.0.1\build\code\assimp.dir\debug\simd.obj
w:\assimp-5.0.1\build\code\assimp.dir\debug\assimpcexport.obj
w:\assimp-5.0.1\build\code\assimp.dir\debug\dropfacenormalsprocess.obj
w:\assimp-5.0.1\build\code\assimp.dir\debug\joinverticesprocess.obj
w:\assimp-5.0.1\build\code\assimp.dir\debug\amfimporter.obj
w:\assimp-5.0.1\build\code\assimp.dir\debug\lwoanimation.obj
w:\assimp-5.0.1\build\code\assimp.dir\debug\objfilemtlimporter.obj
w:\assimp-5.0.1\build\code\assimp.dir\debug\opengeximporter.obj
w:\assimp-5.0.1\build\code\assimp.dir\debug\ifcutil.obj
w:\assimp-5.0.1\build\code\assimp.dir\debug\fbxdeformer.obj
w:\assimp-5.0.1\build\code\assimp.dir\debug\unrealloader.obj
w:\assimp-5.0.1\build\code\assimp.dir\debug\gltfcommon.obj
w:\assimp-5.0.1\build\code\assimp.dir\debug\stepfilegen1.obj
w:\assimp-5.0.1\build\code\assimp.dir\debug\importer.obj
w:\assimp-5.0.1\build\code\assimp.dir\debug\limitboneweightsprocess.obj
w:\assimp-5.0.1\build\code\assimp.dir\debug\aseparser.obj
w:\assimp-5.0.1\build\code\assimp.dir\debug\md3loader.obj
w:\assimp-5.0.1\build\code\assimp.dir\debug\blendertessellator.obj
w:\assimp-5.0.1\build\code\assimp.dir\debug\ifccurve.obj
w:\assimp-5.0.1\build\code\assimp.dir\debug\fbxmeshgeometry.obj
w:\assimp-5.0.1\build\code\assimp.dir\debug\xfileparser.obj
w:\assimp-5.0.1\build\code\assimp.dir\debug\gltfimporter.obj
w:\assimp-5.0.1\build\code\assimp.dir\debug\openddlstream.obj
w:\assimp-5.0.1\build\code\assimp.dir\debug\o3dgcdynamicvectorencoder.obj
w:\assimp-5.0.1\build\code\assimp.dir\debug\sgspatialsort.obj
w:\assimp-5.0.1\build\code\assimp.dir\debug\subdivision.obj
w:\assimp-5.0.1\build\code\assimp.dir\debug\stepfilereader.obj
w:\assimp-5.0.1\build\code\assimp.dir\debug\irrloader.obj
w:\assimp-5.0.1\build\code\assimp.dir\debug\blenderdna.obj
w:\assimp-5.0.1\build\code\assimp.dir\debug\ifcopenings.obj
w:\assimp-5.0.1\build\code\assimp.dir\debug\gltf2importer.obj
w:\assimp-5.0.1\build\code\assimp.dir\debug\sweep_context.obj
w:\assimp-5.0.1\build\code\assimp.dir\debug\ddlnode.obj
w:\assimp-5.0.1\build\code\assimp.dir\debug\o3dgctools.obj
w:\assimp-5.0.1\build\code\assimp.dir\debug\defaultiostream.obj
w:\assimp-5.0.1\build\code\assimp.dir\debug\standardshapes.obj
w:\assimp-5.0.1\build\code\assimp.dir\debug\findinstancesprocess.obj
w:\assimp-5.0.1\build\code\assimp.dir\debug\removevcprocess.obj
w:\assimp-5.0.1\build\code\assimp.dir\debug\deboneprocess.obj
w:\assimp-5.0.1\build\code\assimp.dir\debug\colladaparser.obj
w:\assimp-5.0.1\build\code\assimp.dir\debug\offloader.obj
w:\assimp-5.0.1\build\code\assimp.dir\debug\ogrestructs.obj
w:\assimp-5.0.1\build\code\assimp.dir\debug\blenderbmesh.obj
w:\assimp-5.0.1\build\code\assimp.dir\debug\ifcboolean.obj
w:\assimp-5.0.1\build\code\assimp.dir\debug\smdloader.obj
w:\assimp-5.0.1\build\code\assimp.dir\debug\x3dimporter_networking.obj
w:\assimp-5.0.1\build\code\assimp.dir\debug\mmdimporter.obj
w:\assimp-5.0.1\build\code\assimp.dir\debug\fbxexporter.obj
w:\assimp-5.0.1\build\code\assimp.dir\debug\vertextriangleadjacency.obj
w:\assimp-5.0.1\build\code\assimp.dir\debug\targetanimation.obj
w:\assimp-5.0.1\build\code\assimp.dir\debug\exporter.obj
w:\assimp-5.0.1\build\code\assimp.dir\debug\optimizemeshes.obj
w:\assimp-5.0.1\build\code\assimp.dir\debug\3dsloader.obj
w:\assimp-5.0.1\build\code\assimp.dir\debug\lwoloader.obj
w:\assimp-5.0.1\build\code\assimp.dir\debug\blenderscene.obj
w:\assimp-5.0.1\build\code\assimp.dir\debug\fbxutil.obj
w:\assimp-5.0.1\build\code\assimp.dir\debug\fbxmodel.obj
w:\assimp-5.0.1\build\code\assimp.dir\debug\rawloader.obj
w:\assimp-5.0.1\build\code\assimp.dir\debug\fireader.obj
w:\assimp-5.0.1\build\code\assimp.dir\debug\advancing_front.obj
w:\assimp-5.0.1\build\code\assimp.dir\debug\sweep.obj
w:\assimp-5.0.1\build\code\assimp.dir\debug\openddlexport.obj
w:\assimp-5.0.1\build\code\assimp.dir\debug\cinterfaceiowrapper.obj
w:\assimp-5.0.1\build\code\assimp.dir\debug\splitbybonecountprocess.obj
w:\assimp-5.0.1\build\code\assimp.dir\debug\texturetransform.obj
w:\assimp-5.0.1\build\code\assimp.dir\debug\colladaloader.obj
w:\assimp-5.0.1\build\code\assimp.dir\debug\ogrebinaryserializer.obj
w:\assimp-5.0.1\build\code\assimp.dir\debug\blendercustomdata.obj
w:\assimp-5.0.1\build\code\assimp.dir\debug\ifcmaterial.obj
w:\assimp-5.0.1\build\code\assimp.dir\debug\fbxdocument.obj
w:\assimp-5.0.1\build\code\assimp.dir\debug\sibimporter.obj
w:\assimp-5.0.1\build\code\assimp.dir\debug\x3dimporter_postprocess.obj
w:\assimp-5.0.1\build\code\assimp.dir\debug\colladaexporter.obj
w:\assimp-5.0.1\build\code\assimp.dir\debug\cdt.obj
w:\assimp-5.0.1\build\code\assimp.dir\debug\openddlparser.obj
w:\assimp-5.0.1\build\code\assimp.dir\debug\spatialsort.obj
w:\assimp-5.0.1\build\code\assimp.dir\debug\scene.obj
w:\assimp-5.0.1\build\code\assimp.dir\debug\createanimmesh.obj
w:\assimp-5.0.1\build\code\assimp.dir\debug\embedtexturesprocess.obj
w:\assimp-5.0.1\build\code\assimp.dir\debug\triangulateprocess.obj
w:\assimp-5.0.1\build\code\assimp.dir\debug\3dsconverter.obj
w:\assimp-5.0.1\build\code\assimp.dir\debug\hmploader.obj
w:\assimp-5.0.1\build\code\assimp.dir\debug\lwsloader.obj
w:\assimp-5.0.1\build\code\assimp.dir\debug\blenderloader.obj
w:\assimp-5.0.1\build\code\assimp.dir\debug\fbxmaterial.obj
w:\assimp-5.0.1\build\code\assimp.dir\debug\stlloader.obj
w:\assimp-5.0.1\build\code\assimp.dir\debug\x3dimporter_rendering.obj
w:\assimp-5.0.1\build\code\assimp.dir\debug\objexporter.obj
w:\assimp-5.0.1\build\code\assimp.dir\debug\d3mfexporter.obj
w:\assimp-5.0.1\build\code\assimp.dir\debug\ziparchiveiosystem.obj
w:\assimp-5.0.1\build\code\assimp.dir\debug\version.obj
w:\assimp-5.0.1\build\code\assimp.dir\debug\findinvaliddataprocess.obj
w:\assimp-5.0.1\build\code\assimp.dir\debug\optimizegraph.obj
w:\assimp-5.0.1\build\code\assimp.dir\debug\csmloader.obj
w:\assimp-5.0.1\build\code\assimp.dir\debug\md5loader.obj
w:\assimp-5.0.1\build\code\assimp.dir\debug\ms3dloader.obj
w:\assimp-5.0.1\build\code\assimp.dir\debug\fbxparser.obj
w:\assimp-5.0.1\build\code\assimp.dir\debug\fbxanimation.obj
w:\assimp-5.0.1\build\code\assimp.dir\debug\q3bspfileparser.obj
w:\assimp-5.0.1\build\code\assimp.dir\debug\x3dimporter.obj
w:\assimp-5.0.1\build\code\assimp.dir\debug\stepfilegen3.obj
w:\assimp-5.0.1\build\code\assimp.dir\debug\value.obj
w:\assimp-5.0.1\build\code\assimp.dir\debug\poststepregistry.obj
w:\assimp-5.0.1\build\code\assimp.dir\debug\converttolhprocess.obj
w:\assimp-5.0.1\build\code\assimp.dir\debug\improvecachelocality.obj
w:\assimp-5.0.1\build\code\assimp.dir\debug\materialsystem.obj
w:\assimp-5.0.1\build\code\assimp.dir\debug\bvhloader.obj
w:\assimp-5.0.1\build\code\assimp.dir\debug\lwomaterial.obj
w:\assimp-5.0.1\build\code\assimp.dir\debug\nffloader.obj
w:\assimp-5.0.1\build\code\assimp.dir\debug\x3dimporter_group.obj
w:\assimp-5.0.1\build\code\assimp.dir\debug\d3mfimporter.obj
w:\assimp-5.0.1\build\code\assimp.dir\debug\fbxexportnode.obj
w:\assimp-5.0.1\build\code\assimp.dir\debug\shapes.obj
w:\assimp-5.0.1\build\code\assimp.dir\debug\clipper.obj
w:\assimp-5.0.1\build\code\assimp.dir\debug\scenepreprocessor.obj
w:\assimp-5.0.1\build\code\assimp.dir\debug\removecomments.obj
w:\assimp-5.0.1\build\code\assimp.dir\debug\defaultlogger.obj
w:\assimp-5.0.1\build\code\assimp.dir\debug\fixnormalsstep.obj
w:\assimp-5.0.1\build\code\assimp.dir\debug\splitlargemeshes.obj
w:\assimp-5.0.1\build\code\assimp.dir\debug\stepfileencoding.obj
w:\assimp-5.0.1\build\code\assimp.dir\debug\b3dimporter.obj
w:\assimp-5.0.1\build\code\assimp.dir\debug\irrshared.obj
w:\assimp-5.0.1\build\code\assimp.dir\debug\mdlloader.obj
w:\assimp-5.0.1\build\code\assimp.dir\debug\plyloader.obj
w:\assimp-5.0.1\build\code\assimp.dir\debug\ifcgeometry.obj
w:\assimp-5.0.1\build\code\assimp.dir\debug\fbxdocumentutil.obj
w:\assimp-5.0.1\build\code\assimp.dir\debug\x3dimporter_geometry2d.obj
w:\assimp-5.0.1\build\code\assimp.dir\debug\x3dimporter_shape.obj
w:\assimp-5.0.1\build\code\assimp.dir\debug\stlexporter.obj
w:\assimp-5.0.1\build\code\assimp.dir\debug\gltf2exporter.obj
w:\assimp-5.0.1\build\code\assimp.dir\debug\baseimporter.obj
w:\assimp-5.0.1\build\code\assimp.dir\debug\genvertexnormalsprocess.obj
w:\assimp-5.0.1\build\code\assimp.dir\debug\processhelper.obj
w:\assimp-5.0.1\build\code\assimp.dir\debug\acloader.obj
w:\assimp-5.0.1\build\code\assimp.dir\debug\md5parser.obj
w:\assimp-5.0.1\build\code\assimp.dir\debug\cobloader.obj
w:\assimp-5.0.1\build\code\assimp.dir\debug\xglloader.obj
w:\assimp-5.0.1\build\code\assimp.dir\debug\fbxbinarytokenizer.obj
w:\assimp-5.0.1\build\code\assimp.dir\debug\q3bspfileimporter.obj
w:\assimp-5.0.1\build\code\assimp.dir\debug\x3dimporter_light.obj
w:\assimp-5.0.1\build\code\assimp.dir\debug\x3dvocabulary.obj
w:\assimp-5.0.1\build\code\assimp.dir\debug\stepfilegen2.obj
w:\assimp-5.0.1\build\code\assimp.dir\debug\openddlcommon.obj
w:\assimp-5.0.1\build\code\assimp.dir\debug\o3dgcdynamicvectordecoder.obj
w:\assimp-5.0.1\build\code\assimp.dir\debug\scenecombiner.obj
w:\assimp-5.0.1\build\code\assimp.dir\debug\genfacenormalsprocess.obj
w:\assimp-5.0.1\build\code\assimp.dir\debug\removeredundantmaterials.obj
w:\assimp-5.0.1\build\code\assimp.dir\debug\genboundingboxesprocess.obj
w:\assimp-5.0.1\build\code\assimp.dir\debug\amfimporter_geometry.obj
w:\assimp-5.0.1\build\code\assimp.dir\debug\lwobloader.obj
w:\assimp-5.0.1\build\code\assimp.dir\debug\mdlmaterialloader.obj
w:\assimp-5.0.1\build\code\assimp.dir\debug\ogreimporter.obj
w:\assimp-5.0.1\build\code\assimp.dir\debug\plyparser.obj
w:\assimp-5.0.1\build\code\assimp.dir\debug\ifcreadergen2_2x3.obj
w:\assimp-5.0.1\build\code\assimp.dir\debug\fbximporter.obj
w:\assimp-5.0.1\build\code\assimp.dir\debug\fbxnodeattribute.obj
w:\assimp-5.0.1\build\code\assimp.dir\debug\terragenloader.obj
w:\assimp-5.0.1\build\code\assimp.dir\debug\x3dimporter_geometry3d.obj
w:\assimp-5.0.1\build\code\assimp.dir\debug\3dsexporter.obj
w:\assimp-5.0.1\build\code\assimp.dir\debug\xfileexporter.obj
w:\assimp-5.0.1\build\code\assimp.dir\debug\stepexporter.obj
w:\assimp-5.0.1\build\code\assimp.dir\debug\skeletonmeshbuilder.obj
w:\assimp-5.0.1\build\code\assimp.dir\debug\calctangentsprocess.obj
w:\assimp-5.0.1\build\code\assimp.dir\debug\sortbyptypeprocess.obj
w:\assimp-5.0.1\build\code\assimp.dir\debug\amfimporter_postprocess.obj
w:\assimp-5.0.1\build\code\assimp.dir\debug\md2loader.obj
w:\assimp-5.0.1\build\code\assimp.dir\debug\objfileimporter.obj
w:\assimp-5.0.1\build\code\assimp.dir\debug\ogrexmlserializer.obj
w:\assimp-5.0.1\build\code\assimp.dir\debug\ifcreadergen1_2x3.obj
w:\assimp-5.0.1\build\code\assimp.dir\debug\x3dimporter_metadata.obj
w:\assimp-5.0.1\build\code\assimp.dir\debug\stepfileimporter.obj
w:\assimp-5.0.1\build\code\assimp.dir\debug\assbinexporter.obj
w:\assimp-5.0.1\build\code\assimp.dir\debug\x3dexporter.obj
w:\assimp-5.0.1\build\code\assimp.dir\debug\baseprocess.obj
w:\assimp-5.0.1\build\code\assimp.dir\debug\bitmap.obj
w:\assimp-5.0.1\build\code\assimp.dir\debug\computeuvmappingprocess.obj
w:\assimp-5.0.1\build\code\assimp.dir\debug\pretransformvertices.obj
w:\assimp-5.0.1\build\code\assimp.dir\debug\scaleprocess.obj
w:\assimp-5.0.1\build\code\assimp.dir\debug\amfimporter_material.obj
w:\assimp-5.0.1\build\code\assimp.dir\debug\irrmeshloader.obj
w:\assimp-5.0.1\build\code\assimp.dir\debug\objfileparser.obj
w:\assimp-5.0.1\build\code\assimp.dir\debug\blendermodifier.obj
w:\assimp-5.0.1\build\code\assimp.dir\debug\ifcprofile.obj
w:\assimp-5.0.1\build\code\assimp.dir\debug\fbxconverter.obj
w:\assimp-5.0.1\build\code\assimp.dir\debug\d3mfopcpackage.obj
w:\assimp-5.0.1\build\code\assimp.dir\debug\assxmlexporter.obj
w:\assimp-5.0.1\build\code\assimp.dir\debug\gltfexporter.obj
w:\assimp-5.0.1\build\code\assimp.dir\debug\importerregistry.obj
w:\assimp-5.0.1\build\code\assimp.dir\debug\makeverboseformat.obj
w:\assimp-5.0.1\build\code\assimp.dir\debug\assbinloader.obj
w:\assimp-5.0.1\build\code\assimp.dir\debug\dxfloader.obj
w:\assimp-5.0.1\build\code\assimp.dir\debug\ndoloader.obj
w:\assimp-5.0.1\build\code\assimp.dir\debug\ifcloader.obj
w:\assimp-5.0.1\build\code\assimp.dir\debug\xfileimporter.obj
w:\assimp-5.0.1\build\code\assimp.dir\debug\mmdpmxparser.obj
w:\assimp-5.0.1\build\code\assimp.dir\debug\plyexporter.obj
w:\assimp-5.0.1\build\code\assimp.dir\debug\json_exporter.obj
w:\assimp-5.0.1\build\code\assimp.dir\debug\assimp.obj
w:\assimp-5.0.1\build\code\assimp.dir\debug\finddegenerates.obj
w:\assimp-5.0.1\build\code\assimp.dir\debug\validatedatastructure.obj
w:\assimp-5.0.1\build\code\assimp.dir\debug\aseloader.obj
w:\assimp-5.0.1\build\code\assimp.dir\debug\mdcloader.obj
w:\assimp-5.0.1\build\code\assimp.dir\debug\ogrematerial.obj
w:\assimp-5.0.1\build\code\assimp.dir\debug\fbxtokenizer.obj
w:\assimp-5.0.1\build\code\assimp.dir\debug\fbxproperties.obj
w:\assimp-5.0.1\build\code\assimp.dir\debug\q3dloader.obj
w:\assimp-5.0.1\build\code\assimp.dir\debug\x3dimporter_texturing.obj
w:\assimp-5.0.1\build\code\assimp.dir\debug\opengexexporter.obj
w:\assimp-5.0.1\build\code\assimp.dir\debug\fbxexportproperty.obj
w:\assimp-5.0.1\build\code\assimp.dir\debug\mesh_splitter.obj
w:\assimp-5.0.1\build\code\assimp.dir\debug\o3dgcarithmeticcodec.obj
w:\assimp-5.0.1\build\code\assimp.dir\debug\o3dgctrianglefans.obj
w:\assimp-5.0.1\build\code\assimp.dir\debug\vc142.pdb
w:\assimp-5.0.1\build\code\assimp.dir\debug\unzip.obj
w:\assimp-5.0.1\build\code\assimp.dir\debug\zip.obj
w:\assimp-5.0.1\build\code\assimp.dir\debug\ioapi.obj
w:\assimp-5.0.1\build\code\assimp.dir\debug\cencode.obj
w:\assimp-5.0.1\build\code\cmakefiles\generate.stamp
w:\assimp-5.0.1\build\code\debug\assimp-vc142-mtd.ilk
w:\assimp-5.0.1\build\code\debug\assimp-vc142-mtd.dll
w:\assimp-5.0.1\build\code\debug\assimp-vc142-mtd.pdb
w:\assimp-5.0.1\build\code\assimp.dir\debug\assimp.res
w:\assimp-5.0.1\build\code\assimp.dir\debug\assimp.tlog\assimp.write.1u.tlog
w:\assimp-5.0.1\build\code\assimp.dir\debug\assimp.tlog\cl.12324.write.1.tlog
w:\assimp-5.0.1\build\code\assimp.dir\debug\assimp.tlog\cl.command.1.tlog
w:\assimp-5.0.1\build\code\assimp.dir\debug\assimp.tlog\cl.read.1.tlog
w:\assimp-5.0.1\build\code\assimp.dir\debug\assimp.tlog\custombuild.command.1.tlog
w:\assimp-5.0.1\build\code\assimp.dir\debug\assimp.tlog\custombuild.read.1.tlog
w:\assimp-5.0.1\build\code\assimp.dir\debug\assimp.tlog\custombuild.write.1.tlog
w:\assimp-5.0.1\build\code\assimp.dir\debug\assimp.tlog\link.command.1.tlog
w:\assimp-5.0.1\build\code\assimp.dir\debug\assimp.tlog\link.read.1.tlog
w:\assimp-5.0.1\build\code\assimp.dir\debug\assimp.tlog\link.write.1.tlog
w:\assimp-5.0.1\build\code\assimp.dir\debug\assimp.tlog\rc.command.1.tlog
w:\assimp-5.0.1\build\code\assimp.dir\debug\assimp.tlog\rc.read.1.tlog
w:\assimp-5.0.1\build\code\assimp.dir\debug\assimp.tlog\rc.write.1.tlog
