w:\assimp-5.0.1\build\tools\assimp_cmd\assimp_cmd.dir\debug\export.obj
w:\assimp-5.0.1\build\tools\assimp_cmd\assimp_cmd.dir\debug\comparedump.obj
w:\assimp-5.0.1\build\tools\assimp_cmd\assimp_cmd.dir\debug\main.obj
w:\assimp-5.0.1\build\tools\assimp_cmd\assimp_cmd.dir\debug\info.obj
w:\assimp-5.0.1\build\tools\assimp_cmd\assimp_cmd.dir\debug\imageextractor.obj
w:\assimp-5.0.1\build\tools\assimp_cmd\assimp_cmd.dir\debug\writedumb.obj
w:\assimp-5.0.1\build\tools\assimp_cmd\assimp_cmd.dir\debug\vc142.pdb
w:\assimp-5.0.1\build\tools\assimp_cmd\cmakefiles\generate.stamp
w:\assimp-5.0.1\build\tools\assimp_cmd\debug\assimpd.ilk
w:\assimp-5.0.1\build\tools\assimp_cmd\debug\assimpd.exe
w:\assimp-5.0.1\build\tools\assimp_cmd\debug\assimpd.pdb
w:\assimp-5.0.1\build\tools\assimp_cmd\assimp_cmd.dir\debug\assimp_cmd.res
w:\assimp-5.0.1\build\tools\assimp_cmd\assimp_cmd.dir\debug\assimp_cmd.tlog\cl.12420.write.1.tlog
w:\assimp-5.0.1\build\tools\assimp_cmd\assimp_cmd.dir\debug\assimp_cmd.tlog\cl.18580.read.1.tlog
w:\assimp-5.0.1\build\tools\assimp_cmd\assimp_cmd.dir\debug\assimp_cmd.tlog\cl.18872.read.1.tlog
w:\assimp-5.0.1\build\tools\assimp_cmd\assimp_cmd.dir\debug\assimp_cmd.tlog\cl.19264.read.1.tlog
w:\assimp-5.0.1\build\tools\assimp_cmd\assimp_cmd.dir\debug\assimp_cmd.tlog\cl.9720.read.1.tlog
w:\assimp-5.0.1\build\tools\assimp_cmd\assimp_cmd.dir\debug\assimp_cmd.tlog\cl.command.1.tlog
w:\assimp-5.0.1\build\tools\assimp_cmd\assimp_cmd.dir\debug\assimp_cmd.tlog\cl.read.1.tlog
w:\assimp-5.0.1\build\tools\assimp_cmd\assimp_cmd.dir\debug\assimp_cmd.tlog\custombuild.command.1.tlog
w:\assimp-5.0.1\build\tools\assimp_cmd\assimp_cmd.dir\debug\assimp_cmd.tlog\custombuild.read.1.tlog
w:\assimp-5.0.1\build\tools\assimp_cmd\assimp_cmd.dir\debug\assimp_cmd.tlog\custombuild.write.1.tlog
w:\assimp-5.0.1\build\tools\assimp_cmd\assimp_cmd.dir\debug\assimp_cmd.tlog\link.command.1.tlog
w:\assimp-5.0.1\build\tools\assimp_cmd\assimp_cmd.dir\debug\assimp_cmd.tlog\link.read.1.tlog
w:\assimp-5.0.1\build\tools\assimp_cmd\assimp_cmd.dir\debug\assimp_cmd.tlog\link.write.1.tlog
w:\assimp-5.0.1\build\tools\assimp_cmd\assimp_cmd.dir\debug\assimp_cmd.tlog\rc.command.1.tlog
w:\assimp-5.0.1\build\tools\assimp_cmd\assimp_cmd.dir\debug\assimp_cmd.tlog\rc.read.1.tlog
w:\assimp-5.0.1\build\tools\assimp_cmd\assimp_cmd.dir\debug\assimp_cmd.tlog\rc.write.1.tlog
