w:\assimp-5.0.1\build\contrib\zlib\zlibstatic.dir\debug\zutil.obj
w:\assimp-5.0.1\build\contrib\zlib\zlibstatic.dir\debug\gzread.obj
w:\assimp-5.0.1\build\contrib\zlib\zlibstatic.dir\debug\deflate.obj
w:\assimp-5.0.1\build\contrib\zlib\zlibstatic.dir\debug\compress.obj
w:\assimp-5.0.1\build\contrib\zlib\zlibstatic.dir\debug\infback.obj
w:\assimp-5.0.1\build\contrib\zlib\zlibstatic.dir\debug\trees.obj
w:\assimp-5.0.1\build\contrib\zlib\zlibstatic.dir\debug\gzlib.obj
w:\assimp-5.0.1\build\contrib\zlib\zlibstatic.dir\debug\inffast.obj
w:\assimp-5.0.1\build\contrib\zlib\zlibstatic.dir\debug\inftrees.obj
w:\assimp-5.0.1\build\contrib\zlib\zlibstatic.dir\debug\crc32.obj
w:\assimp-5.0.1\build\contrib\zlib\zlibstatic.dir\debug\adler32.obj
w:\assimp-5.0.1\build\contrib\zlib\zlibstatic.dir\debug\inflate.obj
w:\assimp-5.0.1\build\contrib\zlib\zlibstatic.dir\debug\gzwrite.obj
w:\assimp-5.0.1\build\contrib\zlib\zlibstatic.dir\debug\gzclose.obj
w:\assimp-5.0.1\build\contrib\zlib\zlibstatic.dir\debug\uncompr.obj
w:\assimp-5.0.1\build\contrib\zlib\zlibstatic.dir\debug\zlibstatic.pdb
w:\assimp-5.0.1\build\contrib\zlib\cmakefiles\generate.stamp
w:\assimp-5.0.1\build\contrib\zlib\debug\zlibstaticd.lib
w:\assimp-5.0.1\build\contrib\zlib\zlibstatic.dir\debug\zlibstatic.tlog\cl.10968.write.1.tlog
w:\assimp-5.0.1\build\contrib\zlib\zlibstatic.dir\debug\zlibstatic.tlog\cl.command.1.tlog
w:\assimp-5.0.1\build\contrib\zlib\zlibstatic.dir\debug\zlibstatic.tlog\cl.read.1.tlog
w:\assimp-5.0.1\build\contrib\zlib\zlibstatic.dir\debug\zlibstatic.tlog\custombuild.command.1.tlog
w:\assimp-5.0.1\build\contrib\zlib\zlibstatic.dir\debug\zlibstatic.tlog\custombuild.read.1.tlog
w:\assimp-5.0.1\build\contrib\zlib\zlibstatic.dir\debug\zlibstatic.tlog\custombuild.write.1.tlog
w:\assimp-5.0.1\build\contrib\zlib\zlibstatic.dir\debug\zlibstatic.tlog\lib-link.read.1.tlog
w:\assimp-5.0.1\build\contrib\zlib\zlibstatic.dir\debug\zlibstatic.tlog\lib-link.write.1.tlog
w:\assimp-5.0.1\build\contrib\zlib\zlibstatic.dir\debug\zlibstatic.tlog\lib.command.1.tlog
