w:\assimp-5.0.1\build\contrib\zlib\zlib.dir\debug\gzclose.obj
w:\assimp-5.0.1\build\contrib\zlib\zlib.dir\debug\gzread.obj
w:\assimp-5.0.1\build\contrib\zlib\zlib.dir\debug\compress.obj
w:\assimp-5.0.1\build\contrib\zlib\zlib.dir\debug\adler32.obj
w:\assimp-5.0.1\build\contrib\zlib\zlib.dir\debug\trees.obj
w:\assimp-5.0.1\build\contrib\zlib\zlib.dir\debug\inftrees.obj
w:\assimp-5.0.1\build\contrib\zlib\zlib.dir\debug\inffast.obj
w:\assimp-5.0.1\build\contrib\zlib\zlib.dir\debug\gzlib.obj
w:\assimp-5.0.1\build\contrib\zlib\zlib.dir\debug\crc32.obj
w:\assimp-5.0.1\build\contrib\zlib\zlib.dir\debug\infback.obj
w:\assimp-5.0.1\build\contrib\zlib\zlib.dir\debug\gzwrite.obj
w:\assimp-5.0.1\build\contrib\zlib\zlib.dir\debug\inflate.obj
w:\assimp-5.0.1\build\contrib\zlib\zlib.dir\debug\zutil.obj
w:\assimp-5.0.1\build\contrib\zlib\zlib.dir\debug\uncompr.obj
w:\assimp-5.0.1\build\contrib\zlib\zlib.dir\debug\deflate.obj
w:\assimp-5.0.1\build\contrib\zlib\zlib.dir\debug\vc142.pdb
w:\assimp-5.0.1\build\contrib\zlib\cmakefiles\generate.stamp
w:\assimp-5.0.1\build\contrib\zlib\debug\zlibd.ilk
w:\assimp-5.0.1\build\contrib\zlib\debug\zlibd.dll
w:\assimp-5.0.1\build\contrib\zlib\debug\zlibd.pdb
w:\assimp-5.0.1\build\contrib\zlib\zlib.dir\debug\zlib1.res
w:\assimp-5.0.1\build\contrib\zlib\debug\zlibd.lib
w:\assimp-5.0.1\build\contrib\zlib\debug\zlibd.exp
w:\assimp-5.0.1\build\contrib\zlib\zlib.dir\debug\zlib.tlog\cl.10536.write.1.tlog
w:\assimp-5.0.1\build\contrib\zlib\zlib.dir\debug\zlib.tlog\cl.command.1.tlog
w:\assimp-5.0.1\build\contrib\zlib\zlib.dir\debug\zlib.tlog\cl.read.1.tlog
w:\assimp-5.0.1\build\contrib\zlib\zlib.dir\debug\zlib.tlog\custombuild.command.1.tlog
w:\assimp-5.0.1\build\contrib\zlib\zlib.dir\debug\zlib.tlog\custombuild.read.1.tlog
w:\assimp-5.0.1\build\contrib\zlib\zlib.dir\debug\zlib.tlog\custombuild.write.1.tlog
w:\assimp-5.0.1\build\contrib\zlib\zlib.dir\debug\zlib.tlog\link.command.1.tlog
w:\assimp-5.0.1\build\contrib\zlib\zlib.dir\debug\zlib.tlog\link.read.1.tlog
w:\assimp-5.0.1\build\contrib\zlib\zlib.dir\debug\zlib.tlog\link.write.1.tlog
w:\assimp-5.0.1\build\contrib\zlib\zlib.dir\debug\zlib.tlog\rc.command.1.tlog
w:\assimp-5.0.1\build\contrib\zlib\zlib.dir\debug\zlib.tlog\rc.read.1.tlog
w:\assimp-5.0.1\build\contrib\zlib\zlib.dir\debug\zlib.tlog\rc.write.1.tlog
w:\assimp-5.0.1\build\contrib\zlib\zlib.dir\debug\zlib.tlog\zlib.write.1u.tlog
